

Running C:\Users\ppolskaia\Documents\GitHub\stata-trainings\intro-stata\profile
> .do ...


. tab trunk

Trunk space |
  (cu. ft.) |      Freq.     Percent        Cum.
------------+-----------------------------------
          5 |          1        1.35        1.35
          6 |          1        1.35        2.70
          7 |          3        4.05        6.76
          8 |          5        6.76       13.51
          9 |          4        5.41       18.92
         10 |          5        6.76       25.68
         11 |          8       10.81       36.49
         12 |          3        4.05       40.54
         13 |          4        5.41       45.95
         14 |          4        5.41       51.35
         15 |          5        6.76       58.11
         16 |         12       16.22       74.32
         17 |          8       10.81       85.14
         18 |          1        1.35       86.49
         20 |          6        8.11       94.59
         21 |          2        2.70       97.30
         22 |          1        1.35       98.65
         23 |          1        1.35      100.00
------------+-----------------------------------
      Total |         74      100.00

. 
end of do-file
